# JRE version: OpenJDK Runtime Environment (8.0_242-b01) (build 1.8.0_242-release-1644-b01)
# Java VM: OpenJDK 64-Bit Server VM (25.242-b01 mixed mode windows-amd64 compressed oops)
Heap:
 PSYoungGen      total 140800K, used 24770K [0x000000076b000000, 0x0000000778000000, 0x00000007c0000000)
  eden space 113664K, 21% used [0x000000076b000000,0x000000076c8309c8,0x0000000771f00000)
  from space 27136K, 0% used [0x0000000771f00000,0x0000000771f00000,0x0000000773980000)
  to   space 32256K, 0% used [0x0000000776080000,0x0000000776080000,0x0000000778000000)
 ParOldGen       total 322048K, used 57217K [0x00000006c1000000, 0x00000006d4a80000, 0x000000076b000000)
  object space 322048K, 17% used [0x00000006c1000000,0x00000006c47e0530,0x00000006d4a80000)
 Metaspace       used 60532K, capacity 61846K, committed 62040K, reserved 1103872K
  class space    used 7144K, capacity 7483K, committed 7552K, reserved 1048576K
GC Heap History (10 events):
Event: 2.213 GC heap before
{Heap before GC invocations=6 (full 2):
 PSYoungGen      total 99328K, used 10721K [0x000000076b000000, 0x0000000771c80000, 0x00000007c0000000)
  eden space 88576K, 0% used [0x000000076b000000,0x000000076b000000,0x0000000770680000)
  from space 10752K, 99% used [0x0000000771100000,0x0000000771b78768,0x0000000771b80000)
  to   space 10752K, 0% used [0x0000000770680000,0x0000000770680000,0x0000000771100000)
 ParOldGen       total 142336K, used 30240K [0x00000006c1000000, 0x00000006c9b00000, 0x000000076b000000)
  object space 142336K, 21% used [0x00000006c1000000,0x00000006c2d88318,0x00000006c9b00000)
 Metaspace       used 34648K, capacity 35152K, committed 35416K, reserved 1081344K
  class space    used 4312K, capacity 4480K, committed 4480K, reserved 1048576K
Event: 2.251 GC heap after
Heap after GC invocations=6 (full 2):
 PSYoungGen      total 99328K, used 0K [0x000000076b000000, 0x0000000771c80000, 0x00000007c0000000)
  eden space 88576K, 0% used [0x000000076b000000,0x000000076b000000,0x0000000770680000)
  from space 10752K, 0% used [0x0000000771100000,0x0000000771100000,0x0000000771b80000)
  to   space 10752K, 0% used [0x0000000770680000,0x0000000770680000,0x0000000771100000)
 ParOldGen       total 220672K, used 32762K [0x00000006c1000000, 0x00000006ce780000, 0x000000076b000000)
  object space 220672K, 14% used [0x00000006c1000000,0x00000006c2ffea50,0x00000006ce780000)
 Metaspace       used 34648K, capacity 35152K, committed 35416K, reserved 1081344K
  class space    used 4312K, capacity 4480K, committed 4480K, reserved 1048576K
}
Event: 3.109 GC heap before
{Heap before GC invocations=7 (full 2):
 PSYoungGen      total 99328K, used 88576K [0x000000076b000000, 0x0000000771c80000, 0x00000007c0000000)
  eden space 88576K, 100% used [0x000000076b000000,0x0000000770680000,0x0000000770680000)
  from space 10752K, 0% used [0x0000000771100000,0x0000000771100000,0x0000000771b80000)
  to   space 10752K, 0% used [0x0000000770680000,0x0000000770680000,0x0000000771100000)
 ParOldGen       total 220672K, used 32762K [0x00000006c1000000, 0x00000006ce780000, 0x000000076b000000)
  object space 220672K, 14% used [0x00000006c1000000,0x00000006c2ffea50,0x00000006ce780000)
 Metaspace       used 44180K, capacity 44918K, committed 45272K, reserved 1089536K
  class space    used 5381K, capacity 5569K, committed 5632K, reserved 1048576K
Event: 3.119 GC heap after
Heap after GC invocations=7 (full 2):
 PSYoungGen      total 99328K, used 10737K [0x000000076b000000, 0x0000000775080000, 0x00000007c0000000)
  eden space 88576K, 0% used [0x000000076b000000,0x000000076b000000,0x0000000770680000)
  from space 10752K, 99% used [0x0000000770680000,0x00000007710fc5e0,0x0000000771100000)
  to   space 23552K, 0% used [0x0000000773980000,0x0000000773980000,0x0000000775080000)
 ParOldGen       total 220672K, used 40618K [0x00000006c1000000, 0x00000006ce780000, 0x000000076b000000)
  object space 220672K, 18% used [0x00000006c1000000,0x00000006c37aa978,0x00000006ce780000)
 Metaspace       used 44180K, capacity 44918K, committed 45272K, reserved 1089536K
  class space    used 5381K, capacity 5569K, committed 5632K, reserved 1048576K
}
Event: 4.125 GC heap before
{Heap before GC invocations=8 (full 2):
 PSYoungGen      total 99328K, used 99313K [0x000000076b000000, 0x0000000775080000, 0x00000007c0000000)
  eden space 88576K, 100% used [0x000000076b000000,0x0000000770680000,0x0000000770680000)
  from space 10752K, 99% used [0x0000000770680000,0x00000007710fc5e0,0x0000000771100000)
  to   space 23552K, 0% used [0x0000000773980000,0x0000000773980000,0x0000000775080000)
 ParOldGen       total 220672K, used 40618K [0x00000006c1000000, 0x00000006ce780000, 0x000000076b000000)
  object space 220672K, 18% used [0x00000006c1000000,0x00000006c37aa978,0x00000006ce780000)
 Metaspace       used 51653K, capacity 52782K, committed 52952K, reserved 1095680K
  class space    used 6319K, capacity 6645K, committed 6656K, reserved 1048576K
Event: 4.137 GC heap after
Heap after GC invocations=8 (full 2):
 PSYoungGen      total 137216K, used 23536K [0x000000076b000000, 0x0000000775680000, 0x00000007c0000000)
  eden space 113664K, 0% used [0x000000076b000000,0x000000076b000000,0x0000000771f00000)
  from space 23552K, 99% used [0x0000000773980000,0x000000077507c190,0x0000000775080000)
  to   space 27136K, 0% used [0x0000000771f00000,0x0000000771f00000,0x0000000773980000)
 ParOldGen       total 220672K, used 42775K [0x00000006c1000000, 0x00000006ce780000, 0x000000076b000000)
  object space 220672K, 19% used [0x00000006c1000000,0x00000006c39c5c68,0x00000006ce780000)
 Metaspace       used 51653K, capacity 52782K, committed 52952K, reserved 1095680K
  class space    used 6319K, capacity 6645K, committed 6656K, reserved 1048576K
}
Event: 5.092 GC heap before
{Heap before GC invocations=9 (full 2):
 PSYoungGen      total 137216K, used 78512K [0x000000076b000000, 0x0000000775680000, 0x00000007c0000000)
  eden space 113664K, 48% used [0x000000076b000000,0x000000076e5afe90,0x0000000771f00000)
  from space 23552K, 99% used [0x0000000773980000,0x000000077507c190,0x0000000775080000)
  to   space 27136K, 0% used [0x0000000771f00000,0x0000000771f00000,0x0000000773980000)
 ParOldGen       total 220672K, used 42775K [0x00000006c1000000, 0x00000006ce780000, 0x000000076b000000)
  object space 220672K, 19% used [0x00000006c1000000,0x00000006c39c5c68,0x00000006ce780000)
 Metaspace       used 57558K, capacity 58794K, committed 58968K, reserved 1101824K
  class space    used 6875K, capacity 7193K, committed 7296K, reserved 1048576K
Event: 5.106 GC heap after
Heap after GC invocations=9 (full 2):
 PSYoungGen      total 140800K, used 27130K [0x000000076b000000, 0x0000000778000000, 0x00000007c0000000)
  eden space 113664K, 0% used [0x000000076b000000,0x000000076b000000,0x0000000771f00000)
  from space 27136K, 99% used [0x0000000771f00000,0x000000077397e930,0x0000000773980000)
  to   space 32256K, 0% used [0x0000000776080000,0x0000000776080000,0x0000000778000000)
 ParOldGen       total 220672K, used 45915K [0x00000006c1000000, 0x00000006ce780000, 0x000000076b000000)
  object space 220672K, 20% used [0x00000006c1000000,0x00000006c3cd6c48,0x00000006ce780000)
 Metaspace       used 57558K, capacity 58794K, committed 58968K, reserved 1101824K
  class space    used 6875K, capacity 7193K, committed 7296K, reserved 1048576K
}
Event: 5.106 GC heap before
{Heap before GC invocations=10 (full 3):
 PSYoungGen      total 140800K, used 27130K [0x000000076b000000, 0x0000000778000000, 0x00000007c0000000)
  eden space 113664K, 0% used [0x000000076b000000,0x000000076b000000,0x0000000771f00000)
  from space 27136K, 99% used [0x0000000771f00000,0x000000077397e930,0x0000000773980000)
  to   space 32256K, 0% used [0x0000000776080000,0x0000000776080000,0x0000000778000000)
 ParOldGen       total 220672K, used 45915K [0x00000006c1000000, 0x00000006ce780000, 0x000000076b000000)
  object space 220672K, 20% used [0x00000006c1000000,0x00000006c3cd6c48,0x00000006ce780000)
 Metaspace       used 57558K, capacity 58794K, committed 58968K, reserved 1101824K
  class space    used 6875K, capacity 7193K, committed 7296K, reserved 1048576K
Event: 5.263 GC heap after
Heap after GC invocations=10 (full 3):
 PSYoungGen      total 140800K, used 0K [0x000000076b000000, 0x0000000778000000, 0x00000007c0000000)
  eden space 113664K, 0% used [0x000000076b000000,0x000000076b000000,0x0000000771f00000)
  from space 27136K, 0% used [0x0000000771f00000,0x0000000771f00000,0x0000000773980000)
  to   space 32256K, 0% used [0x0000000776080000,0x0000000776080000,0x0000000778000000)
 ParOldGen       total 322048K, used 57217K [0x00000006c1000000, 0x00000006d4a80000, 0x000000076b000000)
  object space 322048K, 17% used [0x00000006c1000000,0x00000006c47e0530,0x00000006d4a80000)
 Metaspace       used 57558K, capacity 58794K, committed 58968K, reserved 1101824K
  class space    used 6875K, capacity 7193K, committed 7296K, reserved 1048576K
}

